[05-Dec-2017 22:39:35 UTC] PHP Warning:  mysqli_query() expects parameter 1 to be mysqli, null given in /home/ubuntu/workspace/ACEPS/AdminPages/editPublish.php on line 23
[05-Dec-2017 22:39:35 UTC] PHP Stack trace:
[05-Dec-2017 22:39:35 UTC] PHP   1. {main}() /home/ubuntu/workspace/ACEPS/AdminPages/editPublish.php:0
[05-Dec-2017 22:39:35 UTC] PHP   2. mysqli_query() /home/ubuntu/workspace/ACEPS/AdminPages/editPublish.php:23
[05-Dec-2017 22:39:38 UTC] PHP Warning:  mysqli_real_escape_string() expects parameter 1 to be mysqli, null given in /home/ubuntu/workspace/ACEPS/AdminPages/login.php on line 16
[05-Dec-2017 22:39:38 UTC] PHP Stack trace:
[05-Dec-2017 22:39:38 UTC] PHP   1. {main}() /home/ubuntu/workspace/ACEPS/AdminPages/login.php:0
[05-Dec-2017 22:39:38 UTC] PHP   2. mysqli_real_escape_string() /home/ubuntu/workspace/ACEPS/AdminPages/login.php:16
[05-Dec-2017 22:39:38 UTC] PHP Warning:  mysqli_real_escape_string() expects parameter 1 to be mysqli, null given in /home/ubuntu/workspace/ACEPS/AdminPages/login.php on line 17
[05-Dec-2017 22:39:38 UTC] PHP Stack trace:
[05-Dec-2017 22:39:38 UTC] PHP   1. {main}() /home/ubuntu/workspace/ACEPS/AdminPages/login.php:0
[05-Dec-2017 22:39:38 UTC] PHP   2. mysqli_real_escape_string() /home/ubuntu/workspace/ACEPS/AdminPages/login.php:17
[05-Dec-2017 22:39:38 UTC] PHP Warning:  mysqli_query() expects parameter 1 to be mysqli, null given in /home/ubuntu/workspace/ACEPS/AdminPages/login.php on line 23
[05-Dec-2017 22:39:38 UTC] PHP Stack trace:
[05-Dec-2017 22:39:38 UTC] PHP   1. {main}() /home/ubuntu/workspace/ACEPS/AdminPages/login.php:0
[05-Dec-2017 22:39:38 UTC] PHP   2. mysqli_query() /home/ubuntu/workspace/ACEPS/AdminPages/login.php:23
[05-Dec-2017 22:39:38 UTC] PHP Warning:  mysqli_fetch_array() expects parameter 1 to be mysqli_result, null given in /home/ubuntu/workspace/ACEPS/AdminPages/login.php on line 24
[05-Dec-2017 22:39:38 UTC] PHP Stack trace:
[05-Dec-2017 22:39:38 UTC] PHP   1. {main}() /home/ubuntu/workspace/ACEPS/AdminPages/login.php:0
[05-Dec-2017 22:39:38 UTC] PHP   2. mysqli_fetch_array() /home/ubuntu/workspace/ACEPS/AdminPages/login.php:24
[05-Dec-2017 22:39:42 UTC] PHP Warning:  mysqli_real_escape_string() expects parameter 1 to be mysqli, null given in /home/ubuntu/workspace/ACEPS/AdminPages/login.php on line 16
[05-Dec-2017 22:39:42 UTC] PHP Stack trace:
[05-Dec-2017 22:39:42 UTC] PHP   1. {main}() /home/ubuntu/workspace/ACEPS/AdminPages/login.php:0
[05-Dec-2017 22:39:42 UTC] PHP   2. mysqli_real_escape_string() /home/ubuntu/workspace/ACEPS/AdminPages/login.php:16
[05-Dec-2017 22:39:42 UTC] PHP Warning:  mysqli_real_escape_string() expects parameter 1 to be mysqli, null given in /home/ubuntu/workspace/ACEPS/AdminPages/login.php on line 17
[05-Dec-2017 22:39:42 UTC] PHP Stack trace:
[05-Dec-2017 22:39:42 UTC] PHP   1. {main}() /home/ubuntu/workspace/ACEPS/AdminPages/login.php:0
[05-Dec-2017 22:39:42 UTC] PHP   2. mysqli_real_escape_string() /home/ubuntu/workspace/ACEPS/AdminPages/login.php:17
[05-Dec-2017 22:39:42 UTC] PHP Warning:  mysqli_query() expects parameter 1 to be mysqli, null given in /home/ubuntu/workspace/ACEPS/AdminPages/login.php on line 23
[05-Dec-2017 22:39:42 UTC] PHP Stack trace:
[05-Dec-2017 22:39:42 UTC] PHP   1. {main}() /home/ubuntu/workspace/ACEPS/AdminPages/login.php:0
[05-Dec-2017 22:39:42 UTC] PHP   2. mysqli_query() /home/ubuntu/workspace/ACEPS/AdminPages/login.php:23
[05-Dec-2017 22:39:42 UTC] PHP Warning:  mysqli_fetch_array() expects parameter 1 to be mysqli_result, null given in /home/ubuntu/workspace/ACEPS/AdminPages/login.php on line 24
[05-Dec-2017 22:39:42 UTC] PHP Stack trace:
[05-Dec-2017 22:39:42 UTC] PHP   1. {main}() /home/ubuntu/workspace/ACEPS/AdminPages/login.php:0
[05-Dec-2017 22:39:42 UTC] PHP   2. mysqli_fetch_array() /home/ubuntu/workspace/ACEPS/AdminPages/login.php:24
[05-Dec-2017 22:39:48 UTC] PHP Warning:  mysqli_real_escape_string() expects parameter 1 to be mysqli, null given in /home/ubuntu/workspace/ACEPS/AdminPages/login.php on line 16
[05-Dec-2017 22:39:48 UTC] PHP Stack trace:
[05-Dec-2017 22:39:48 UTC] PHP   1. {main}() /home/ubuntu/workspace/ACEPS/AdminPages/login.php:0
[05-Dec-2017 22:39:48 UTC] PHP   2. mysqli_real_escape_string() /home/ubuntu/workspace/ACEPS/AdminPages/login.php:16
[05-Dec-2017 22:39:48 UTC] PHP Warning:  mysqli_real_escape_string() expects parameter 1 to be mysqli, null given in /home/ubuntu/workspace/ACEPS/AdminPages/login.php on line 17
[05-Dec-2017 22:39:48 UTC] PHP Stack trace:
[05-Dec-2017 22:39:48 UTC] PHP   1. {main}() /home/ubuntu/workspace/ACEPS/AdminPages/login.php:0
[05-Dec-2017 22:39:48 UTC] PHP   2. mysqli_real_escape_string() /home/ubuntu/workspace/ACEPS/AdminPages/login.php:17
[05-Dec-2017 22:39:48 UTC] PHP Warning:  mysqli_query() expects parameter 1 to be mysqli, null given in /home/ubuntu/workspace/ACEPS/AdminPages/login.php on line 23
[05-Dec-2017 22:39:48 UTC] PHP Stack trace:
[05-Dec-2017 22:39:48 UTC] PHP   1. {main}() /home/ubuntu/workspace/ACEPS/AdminPages/login.php:0
[05-Dec-2017 22:39:48 UTC] PHP   2. mysqli_query() /home/ubuntu/workspace/ACEPS/AdminPages/login.php:23
[05-Dec-2017 22:39:48 UTC] PHP Warning:  mysqli_fetch_array() expects parameter 1 to be mysqli_result, null given in /home/ubuntu/workspace/ACEPS/AdminPages/login.php on line 24
[05-Dec-2017 22:39:48 UTC] PHP Stack trace:
[05-Dec-2017 22:39:48 UTC] PHP   1. {main}() /home/ubuntu/workspace/ACEPS/AdminPages/login.php:0
[05-Dec-2017 22:39:48 UTC] PHP   2. mysqli_fetch_array() /home/ubuntu/workspace/ACEPS/AdminPages/login.php:24
[05-Dec-2017 22:40:31 UTC] PHP Warning:  mysqli_real_escape_string() expects parameter 1 to be mysqli, null given in /home/ubuntu/workspace/ACEPS/AdminPages/login.php on line 16
[05-Dec-2017 22:40:31 UTC] PHP Stack trace:
[05-Dec-2017 22:40:31 UTC] PHP   1. {main}() /home/ubuntu/workspace/ACEPS/AdminPages/login.php:0
[05-Dec-2017 22:40:31 UTC] PHP   2. mysqli_real_escape_string() /home/ubuntu/workspace/ACEPS/AdminPages/login.php:16
[05-Dec-2017 22:40:31 UTC] PHP Warning:  mysqli_real_escape_string() expects parameter 1 to be mysqli, null given in /home/ubuntu/workspace/ACEPS/AdminPages/login.php on line 17
[05-Dec-2017 22:40:31 UTC] PHP Stack trace:
[05-Dec-2017 22:40:31 UTC] PHP   1. {main}() /home/ubuntu/workspace/ACEPS/AdminPages/login.php:0
[05-Dec-2017 22:40:31 UTC] PHP   2. mysqli_real_escape_string() /home/ubuntu/workspace/ACEPS/AdminPages/login.php:17
[05-Dec-2017 22:40:31 UTC] PHP Warning:  mysqli_query() expects parameter 1 to be mysqli, null given in /home/ubuntu/workspace/ACEPS/AdminPages/login.php on line 23
[05-Dec-2017 22:40:31 UTC] PHP Stack trace:
[05-Dec-2017 22:40:31 UTC] PHP   1. {main}() /home/ubuntu/workspace/ACEPS/AdminPages/login.php:0
[05-Dec-2017 22:40:31 UTC] PHP   2. mysqli_query() /home/ubuntu/workspace/ACEPS/AdminPages/login.php:23
[05-Dec-2017 22:40:31 UTC] PHP Warning:  mysqli_fetch_array() expects parameter 1 to be mysqli_result, null given in /home/ubuntu/workspace/ACEPS/AdminPages/login.php on line 24
[05-Dec-2017 22:40:31 UTC] PHP Stack trace:
[05-Dec-2017 22:40:31 UTC] PHP   1. {main}() /home/ubuntu/workspace/ACEPS/AdminPages/login.php:0
[05-Dec-2017 22:40:31 UTC] PHP   2. mysqli_fetch_array() /home/ubuntu/workspace/ACEPS/AdminPages/login.php:24
[05-Dec-2017 22:40:39 UTC] PHP Warning:  mysqli_real_escape_string() expects parameter 1 to be mysqli, null given in /home/ubuntu/workspace/ACEPS/AdminPages/login.php on line 16
[05-Dec-2017 22:40:39 UTC] PHP Stack trace:
[05-Dec-2017 22:40:39 UTC] PHP   1. {main}() /home/ubuntu/workspace/ACEPS/AdminPages/login.php:0
[05-Dec-2017 22:40:39 UTC] PHP   2. mysqli_real_escape_string() /home/ubuntu/workspace/ACEPS/AdminPages/login.php:16
[05-Dec-2017 22:40:39 UTC] PHP Warning:  mysqli_real_escape_string() expects parameter 1 to be mysqli, null given in /home/ubuntu/workspace/ACEPS/AdminPages/login.php on line 17
[05-Dec-2017 22:40:39 UTC] PHP Stack trace:
[05-Dec-2017 22:40:39 UTC] PHP   1. {main}() /home/ubuntu/workspace/ACEPS/AdminPages/login.php:0
[05-Dec-2017 22:40:39 UTC] PHP   2. mysqli_real_escape_string() /home/ubuntu/workspace/ACEPS/AdminPages/login.php:17
[05-Dec-2017 22:40:39 UTC] PHP Warning:  mysqli_query() expects parameter 1 to be mysqli, null given in /home/ubuntu/workspace/ACEPS/AdminPages/login.php on line 23
[05-Dec-2017 22:40:39 UTC] PHP Stack trace:
[05-Dec-2017 22:40:39 UTC] PHP   1. {main}() /home/ubuntu/workspace/ACEPS/AdminPages/login.php:0
[05-Dec-2017 22:40:39 UTC] PHP   2. mysqli_query() /home/ubuntu/workspace/ACEPS/AdminPages/login.php:23
[05-Dec-2017 22:40:39 UTC] PHP Warning:  mysqli_fetch_array() expects parameter 1 to be mysqli_result, null given in /home/ubuntu/workspace/ACEPS/AdminPages/login.php on line 24
[05-Dec-2017 22:40:39 UTC] PHP Stack trace:
[05-Dec-2017 22:40:39 UTC] PHP   1. {main}() /home/ubuntu/workspace/ACEPS/AdminPages/login.php:0
[05-Dec-2017 22:40:39 UTC] PHP   2. mysqli_fetch_array() /home/ubuntu/workspace/ACEPS/AdminPages/login.php:24
[05-Dec-2017 22:42:32 UTC] PHP Parse error:  syntax error, unexpected 'header' (T_STRING), expecting ',' or ';' in /home/ubuntu/workspace/ACEPS/AdminPages/db.php on line 12
[05-Dec-2017 22:42:32 UTC] PHP Stack trace:
[05-Dec-2017 22:42:32 UTC] PHP   1. {main}() /home/ubuntu/workspace/ACEPS/AdminPages/login.php:0
[05-Dec-2017 22:42:47 UTC] PHP Warning:  mysqli_real_escape_string() expects parameter 1 to be mysqli, null given in /home/ubuntu/workspace/ACEPS/AdminPages/login.php on line 16
[05-Dec-2017 22:42:47 UTC] PHP Stack trace:
[05-Dec-2017 22:42:47 UTC] PHP   1. {main}() /home/ubuntu/workspace/ACEPS/AdminPages/login.php:0
[05-Dec-2017 22:42:47 UTC] PHP   2. mysqli_real_escape_string() /home/ubuntu/workspace/ACEPS/AdminPages/login.php:16
[05-Dec-2017 22:42:47 UTC] PHP Warning:  mysqli_real_escape_string() expects parameter 1 to be mysqli, null given in /home/ubuntu/workspace/ACEPS/AdminPages/login.php on line 17
[05-Dec-2017 22:42:47 UTC] PHP Stack trace:
[05-Dec-2017 22:42:47 UTC] PHP   1. {main}() /home/ubuntu/workspace/ACEPS/AdminPages/login.php:0
[05-Dec-2017 22:42:47 UTC] PHP   2. mysqli_real_escape_string() /home/ubuntu/workspace/ACEPS/AdminPages/login.php:17
[05-Dec-2017 22:42:47 UTC] PHP Warning:  mysqli_query() expects parameter 1 to be mysqli, null given in /home/ubuntu/workspace/ACEPS/AdminPages/login.php on line 23
[05-Dec-2017 22:42:47 UTC] PHP Stack trace:
[05-Dec-2017 22:42:47 UTC] PHP   1. {main}() /home/ubuntu/workspace/ACEPS/AdminPages/login.php:0
[05-Dec-2017 22:42:47 UTC] PHP   2. mysqli_query() /home/ubuntu/workspace/ACEPS/AdminPages/login.php:23
[05-Dec-2017 22:42:47 UTC] PHP Warning:  mysqli_fetch_array() expects parameter 1 to be mysqli_result, null given in /home/ubuntu/workspace/ACEPS/AdminPages/login.php on line 24
[05-Dec-2017 22:42:47 UTC] PHP Stack trace:
[05-Dec-2017 22:42:47 UTC] PHP   1. {main}() /home/ubuntu/workspace/ACEPS/AdminPages/login.php:0
[05-Dec-2017 22:42:47 UTC] PHP   2. mysqli_fetch_array() /home/ubuntu/workspace/ACEPS/AdminPages/login.php:24
[05-Dec-2017 22:42:52 UTC] PHP Warning:  mysqli_real_escape_string() expects parameter 1 to be mysqli, null given in /home/ubuntu/workspace/ACEPS/AdminPages/login.php on line 16
[05-Dec-2017 22:42:52 UTC] PHP Stack trace:
[05-Dec-2017 22:42:52 UTC] PHP   1. {main}() /home/ubuntu/workspace/ACEPS/AdminPages/login.php:0
[05-Dec-2017 22:42:52 UTC] PHP   2. mysqli_real_escape_string() /home/ubuntu/workspace/ACEPS/AdminPages/login.php:16
[05-Dec-2017 22:42:52 UTC] PHP Warning:  mysqli_real_escape_string() expects parameter 1 to be mysqli, null given in /home/ubuntu/workspace/ACEPS/AdminPages/login.php on line 17
[05-Dec-2017 22:42:52 UTC] PHP Stack trace:
[05-Dec-2017 22:42:52 UTC] PHP   1. {main}() /home/ubuntu/workspace/ACEPS/AdminPages/login.php:0
[05-Dec-2017 22:42:52 UTC] PHP   2. mysqli_real_escape_string() /home/ubuntu/workspace/ACEPS/AdminPages/login.php:17
[05-Dec-2017 22:42:52 UTC] PHP Warning:  mysqli_query() expects parameter 1 to be mysqli, null given in /home/ubuntu/workspace/ACEPS/AdminPages/login.php on line 23
[05-Dec-2017 22:42:52 UTC] PHP Stack trace:
[05-Dec-2017 22:42:52 UTC] PHP   1. {main}() /home/ubuntu/workspace/ACEPS/AdminPages/login.php:0
[05-Dec-2017 22:42:52 UTC] PHP   2. mysqli_query() /home/ubuntu/workspace/ACEPS/AdminPages/login.php:23
[05-Dec-2017 22:42:52 UTC] PHP Warning:  mysqli_fetch_array() expects parameter 1 to be mysqli_result, null given in /home/ubuntu/workspace/ACEPS/AdminPages/login.php on line 24
[05-Dec-2017 22:42:52 UTC] PHP Stack trace:
[05-Dec-2017 22:42:52 UTC] PHP   1. {main}() /home/ubuntu/workspace/ACEPS/AdminPages/login.php:0
[05-Dec-2017 22:42:52 UTC] PHP   2. mysqli_fetch_array() /home/ubuntu/workspace/ACEPS/AdminPages/login.php:24
[05-Dec-2017 22:43:14 UTC] PHP Warning:  mysqli_real_escape_string() expects parameter 1 to be mysqli, null given in /home/ubuntu/workspace/ACEPS/AdminPages/login.php on line 16
[05-Dec-2017 22:43:14 UTC] PHP Stack trace:
[05-Dec-2017 22:43:14 UTC] PHP   1. {main}() /home/ubuntu/workspace/ACEPS/AdminPages/login.php:0
[05-Dec-2017 22:43:14 UTC] PHP   2. mysqli_real_escape_string() /home/ubuntu/workspace/ACEPS/AdminPages/login.php:16
[05-Dec-2017 22:43:14 UTC] PHP Warning:  mysqli_real_escape_string() expects parameter 1 to be mysqli, null given in /home/ubuntu/workspace/ACEPS/AdminPages/login.php on line 17
[05-Dec-2017 22:43:14 UTC] PHP Stack trace:
[05-Dec-2017 22:43:14 UTC] PHP   1. {main}() /home/ubuntu/workspace/ACEPS/AdminPages/login.php:0
[05-Dec-2017 22:43:14 UTC] PHP   2. mysqli_real_escape_string() /home/ubuntu/workspace/ACEPS/AdminPages/login.php:17
[05-Dec-2017 22:43:14 UTC] PHP Warning:  mysqli_query() expects parameter 1 to be mysqli, null given in /home/ubuntu/workspace/ACEPS/AdminPages/login.php on line 23
[05-Dec-2017 22:43:14 UTC] PHP Stack trace:
[05-Dec-2017 22:43:14 UTC] PHP   1. {main}() /home/ubuntu/workspace/ACEPS/AdminPages/login.php:0
[05-Dec-2017 22:43:14 UTC] PHP   2. mysqli_query() /home/ubuntu/workspace/ACEPS/AdminPages/login.php:23
[05-Dec-2017 22:43:14 UTC] PHP Warning:  mysqli_fetch_array() expects parameter 1 to be mysqli_result, null given in /home/ubuntu/workspace/ACEPS/AdminPages/login.php on line 24
[05-Dec-2017 22:43:14 UTC] PHP Stack trace:
[05-Dec-2017 22:43:14 UTC] PHP   1. {main}() /home/ubuntu/workspace/ACEPS/AdminPages/login.php:0
[05-Dec-2017 22:43:14 UTC] PHP   2. mysqli_fetch_array() /home/ubuntu/workspace/ACEPS/AdminPages/login.php:24
[05-Dec-2017 22:43:18 UTC] PHP Warning:  mysqli_real_escape_string() expects parameter 1 to be mysqli, null given in /home/ubuntu/workspace/ACEPS/AdminPages/login.php on line 16
[05-Dec-2017 22:43:18 UTC] PHP Stack trace:
[05-Dec-2017 22:43:18 UTC] PHP   1. {main}() /home/ubuntu/workspace/ACEPS/AdminPages/login.php:0
[05-Dec-2017 22:43:18 UTC] PHP   2. mysqli_real_escape_string() /home/ubuntu/workspace/ACEPS/AdminPages/login.php:16
[05-Dec-2017 22:43:18 UTC] PHP Warning:  mysqli_real_escape_string() expects parameter 1 to be mysqli, null given in /home/ubuntu/workspace/ACEPS/AdminPages/login.php on line 17
[05-Dec-2017 22:43:18 UTC] PHP Stack trace:
[05-Dec-2017 22:43:18 UTC] PHP   1. {main}() /home/ubuntu/workspace/ACEPS/AdminPages/login.php:0
[05-Dec-2017 22:43:18 UTC] PHP   2. mysqli_real_escape_string() /home/ubuntu/workspace/ACEPS/AdminPages/login.php:17
[05-Dec-2017 22:43:18 UTC] PHP Warning:  mysqli_query() expects parameter 1 to be mysqli, null given in /home/ubuntu/workspace/ACEPS/AdminPages/login.php on line 23
[05-Dec-2017 22:43:18 UTC] PHP Stack trace:
[05-Dec-2017 22:43:18 UTC] PHP   1. {main}() /home/ubuntu/workspace/ACEPS/AdminPages/login.php:0
[05-Dec-2017 22:43:18 UTC] PHP   2. mysqli_query() /home/ubuntu/workspace/ACEPS/AdminPages/login.php:23
[05-Dec-2017 22:43:18 UTC] PHP Warning:  mysqli_fetch_array() expects parameter 1 to be mysqli_result, null given in /home/ubuntu/workspace/ACEPS/AdminPages/login.php on line 24
[05-Dec-2017 22:43:18 UTC] PHP Stack trace:
[05-Dec-2017 22:43:18 UTC] PHP   1. {main}() /home/ubuntu/workspace/ACEPS/AdminPages/login.php:0
[05-Dec-2017 22:43:18 UTC] PHP   2. mysqli_fetch_array() /home/ubuntu/workspace/ACEPS/AdminPages/login.php:24
[05-Dec-2017 22:43:34 UTC] PHP Warning:  mysqli_real_escape_string() expects parameter 1 to be mysqli, null given in /home/ubuntu/workspace/ACEPS/AdminPages/login.php on line 16
[05-Dec-2017 22:43:34 UTC] PHP Stack trace:
[05-Dec-2017 22:43:34 UTC] PHP   1. {main}() /home/ubuntu/workspace/ACEPS/AdminPages/login.php:0
[05-Dec-2017 22:43:34 UTC] PHP   2. mysqli_real_escape_string() /home/ubuntu/workspace/ACEPS/AdminPages/login.php:16
[05-Dec-2017 22:43:34 UTC] PHP Warning:  mysqli_real_escape_string() expects parameter 1 to be mysqli, null given in /home/ubuntu/workspace/ACEPS/AdminPages/login.php on line 17
[05-Dec-2017 22:43:34 UTC] PHP Stack trace:
[05-Dec-2017 22:43:34 UTC] PHP   1. {main}() /home/ubuntu/workspace/ACEPS/AdminPages/login.php:0
[05-Dec-2017 22:43:34 UTC] PHP   2. mysqli_real_escape_string() /home/ubuntu/workspace/ACEPS/AdminPages/login.php:17
[05-Dec-2017 22:43:34 UTC] PHP Warning:  mysqli_query() expects parameter 1 to be mysqli, null given in /home/ubuntu/workspace/ACEPS/AdminPages/login.php on line 23
[05-Dec-2017 22:43:34 UTC] PHP Stack trace:
[05-Dec-2017 22:43:34 UTC] PHP   1. {main}() /home/ubuntu/workspace/ACEPS/AdminPages/login.php:0
[05-Dec-2017 22:43:34 UTC] PHP   2. mysqli_query() /home/ubuntu/workspace/ACEPS/AdminPages/login.php:23
[05-Dec-2017 22:43:34 UTC] PHP Warning:  mysqli_fetch_array() expects parameter 1 to be mysqli_result, null given in /home/ubuntu/workspace/ACEPS/AdminPages/login.php on line 24
[05-Dec-2017 22:43:34 UTC] PHP Stack trace:
[05-Dec-2017 22:43:34 UTC] PHP   1. {main}() /home/ubuntu/workspace/ACEPS/AdminPages/login.php:0
[05-Dec-2017 22:43:34 UTC] PHP   2. mysqli_fetch_array() /home/ubuntu/workspace/ACEPS/AdminPages/login.php:24
[05-Dec-2017 22:43:40 UTC] PHP Warning:  mysqli_real_escape_string() expects parameter 1 to be mysqli, null given in /home/ubuntu/workspace/ACEPS/AdminPages/login.php on line 16
[05-Dec-2017 22:43:40 UTC] PHP Stack trace:
[05-Dec-2017 22:43:40 UTC] PHP   1. {main}() /home/ubuntu/workspace/ACEPS/AdminPages/login.php:0
[05-Dec-2017 22:43:40 UTC] PHP   2. mysqli_real_escape_string() /home/ubuntu/workspace/ACEPS/AdminPages/login.php:16
[05-Dec-2017 22:43:40 UTC] PHP Warning:  mysqli_real_escape_string() expects parameter 1 to be mysqli, null given in /home/ubuntu/workspace/ACEPS/AdminPages/login.php on line 17
[05-Dec-2017 22:43:40 UTC] PHP Stack trace:
[05-Dec-2017 22:43:40 UTC] PHP   1. {main}() /home/ubuntu/workspace/ACEPS/AdminPages/login.php:0
[05-Dec-2017 22:43:40 UTC] PHP   2. mysqli_real_escape_string() /home/ubuntu/workspace/ACEPS/AdminPages/login.php:17
[05-Dec-2017 22:43:40 UTC] PHP Warning:  mysqli_query() expects parameter 1 to be mysqli, null given in /home/ubuntu/workspace/ACEPS/AdminPages/login.php on line 23
[05-Dec-2017 22:43:40 UTC] PHP Stack trace:
[05-Dec-2017 22:43:40 UTC] PHP   1. {main}() /home/ubuntu/workspace/ACEPS/AdminPages/login.php:0
[05-Dec-2017 22:43:40 UTC] PHP   2. mysqli_query() /home/ubuntu/workspace/ACEPS/AdminPages/login.php:23
[05-Dec-2017 22:43:40 UTC] PHP Warning:  mysqli_fetch_array() expects parameter 1 to be mysqli_result, null given in /home/ubuntu/workspace/ACEPS/AdminPages/login.php on line 24
[05-Dec-2017 22:43:40 UTC] PHP Stack trace:
[05-Dec-2017 22:43:40 UTC] PHP   1. {main}() /home/ubuntu/workspace/ACEPS/AdminPages/login.php:0
[05-Dec-2017 22:43:40 UTC] PHP   2. mysqli_fetch_array() /home/ubuntu/workspace/ACEPS/AdminPages/login.php:24
[05-Dec-2017 22:43:47 UTC] PHP Warning:  mysqli_real_escape_string() expects parameter 1 to be mysqli, null given in /home/ubuntu/workspace/ACEPS/AdminPages/login.php on line 16
[05-Dec-2017 22:43:47 UTC] PHP Stack trace:
[05-Dec-2017 22:43:47 UTC] PHP   1. {main}() /home/ubuntu/workspace/ACEPS/AdminPages/login.php:0
[05-Dec-2017 22:43:47 UTC] PHP   2. mysqli_real_escape_string() /home/ubuntu/workspace/ACEPS/AdminPages/login.php:16
[05-Dec-2017 22:43:47 UTC] PHP Warning:  mysqli_real_escape_string() expects parameter 1 to be mysqli, null given in /home/ubuntu/workspace/ACEPS/AdminPages/login.php on line 17
[05-Dec-2017 22:43:47 UTC] PHP Stack trace:
[05-Dec-2017 22:43:47 UTC] PHP   1. {main}() /home/ubuntu/workspace/ACEPS/AdminPages/login.php:0
[05-Dec-2017 22:43:47 UTC] PHP   2. mysqli_real_escape_string() /home/ubuntu/workspace/ACEPS/AdminPages/login.php:17
[05-Dec-2017 22:43:47 UTC] PHP Warning:  mysqli_query() expects parameter 1 to be mysqli, null given in /home/ubuntu/workspace/ACEPS/AdminPages/login.php on line 23
[05-Dec-2017 22:43:47 UTC] PHP Stack trace:
[05-Dec-2017 22:43:47 UTC] PHP   1. {main}() /home/ubuntu/workspace/ACEPS/AdminPages/login.php:0
[05-Dec-2017 22:43:47 UTC] PHP   2. mysqli_query() /home/ubuntu/workspace/ACEPS/AdminPages/login.php:23
[05-Dec-2017 22:43:47 UTC] PHP Warning:  mysqli_fetch_array() expects parameter 1 to be mysqli_result, null given in /home/ubuntu/workspace/ACEPS/AdminPages/login.php on line 24
[05-Dec-2017 22:43:47 UTC] PHP Stack trace:
[05-Dec-2017 22:43:47 UTC] PHP   1. {main}() /home/ubuntu/workspace/ACEPS/AdminPages/login.php:0
[05-Dec-2017 22:43:47 UTC] PHP   2. mysqli_fetch_array() /home/ubuntu/workspace/ACEPS/AdminPages/login.php:24
[05-Dec-2017 22:44:02 UTC] PHP Warning:  mysqli_real_escape_string() expects parameter 1 to be mysqli, null given in /home/ubuntu/workspace/ACEPS/AdminPages/login.php on line 16
[05-Dec-2017 22:44:02 UTC] PHP Stack trace:
[05-Dec-2017 22:44:02 UTC] PHP   1. {main}() /home/ubuntu/workspace/ACEPS/AdminPages/login.php:0
[05-Dec-2017 22:44:02 UTC] PHP   2. mysqli_real_escape_string() /home/ubuntu/workspace/ACEPS/AdminPages/login.php:16
[05-Dec-2017 22:44:02 UTC] PHP Warning:  mysqli_real_escape_string() expects parameter 1 to be mysqli, null given in /home/ubuntu/workspace/ACEPS/AdminPages/login.php on line 17
[05-Dec-2017 22:44:02 UTC] PHP Stack trace:
[05-Dec-2017 22:44:02 UTC] PHP   1. {main}() /home/ubuntu/workspace/ACEPS/AdminPages/login.php:0
[05-Dec-2017 22:44:02 UTC] PHP   2. mysqli_real_escape_string() /home/ubuntu/workspace/ACEPS/AdminPages/login.php:17
[05-Dec-2017 22:44:02 UTC] PHP Warning:  mysqli_query() expects parameter 1 to be mysqli, null given in /home/ubuntu/workspace/ACEPS/AdminPages/login.php on line 23
[05-Dec-2017 22:44:02 UTC] PHP Stack trace:
[05-Dec-2017 22:44:02 UTC] PHP   1. {main}() /home/ubuntu/workspace/ACEPS/AdminPages/login.php:0
[05-Dec-2017 22:44:02 UTC] PHP   2. mysqli_query() /home/ubuntu/workspace/ACEPS/AdminPages/login.php:23
[05-Dec-2017 22:44:02 UTC] PHP Warning:  mysqli_fetch_array() expects parameter 1 to be mysqli_result, null given in /home/ubuntu/workspace/ACEPS/AdminPages/login.php on line 24
[05-Dec-2017 22:44:02 UTC] PHP Stack trace:
[05-Dec-2017 22:44:02 UTC] PHP   1. {main}() /home/ubuntu/workspace/ACEPS/AdminPages/login.php:0
[05-Dec-2017 22:44:02 UTC] PHP   2. mysqli_fetch_array() /home/ubuntu/workspace/ACEPS/AdminPages/login.php:24
[05-Dec-2017 22:44:54 UTC] PHP Warning:  mysqli_real_escape_string() expects parameter 1 to be mysqli, null given in /home/ubuntu/workspace/ACEPS/AdminPages/login.php on line 16
[05-Dec-2017 22:44:54 UTC] PHP Stack trace:
[05-Dec-2017 22:44:54 UTC] PHP   1. {main}() /home/ubuntu/workspace/ACEPS/AdminPages/login.php:0
[05-Dec-2017 22:44:54 UTC] PHP   2. mysqli_real_escape_string() /home/ubuntu/workspace/ACEPS/AdminPages/login.php:16
[05-Dec-2017 22:44:54 UTC] PHP Warning:  mysqli_real_escape_string() expects parameter 1 to be mysqli, null given in /home/ubuntu/workspace/ACEPS/AdminPages/login.php on line 17
[05-Dec-2017 22:44:54 UTC] PHP Stack trace:
[05-Dec-2017 22:44:54 UTC] PHP   1. {main}() /home/ubuntu/workspace/ACEPS/AdminPages/login.php:0
[05-Dec-2017 22:44:54 UTC] PHP   2. mysqli_real_escape_string() /home/ubuntu/workspace/ACEPS/AdminPages/login.php:17
[05-Dec-2017 22:44:54 UTC] PHP Warning:  mysqli_query() expects parameter 1 to be mysqli, null given in /home/ubuntu/workspace/ACEPS/AdminPages/login.php on line 23
[05-Dec-2017 22:44:54 UTC] PHP Stack trace:
[05-Dec-2017 22:44:54 UTC] PHP   1. {main}() /home/ubuntu/workspace/ACEPS/AdminPages/login.php:0
[05-Dec-2017 22:44:54 UTC] PHP   2. mysqli_query() /home/ubuntu/workspace/ACEPS/AdminPages/login.php:23
[05-Dec-2017 22:44:54 UTC] PHP Warning:  mysqli_fetch_array() expects parameter 1 to be mysqli_result, null given in /home/ubuntu/workspace/ACEPS/AdminPages/login.php on line 24
[05-Dec-2017 22:44:54 UTC] PHP Stack trace:
[05-Dec-2017 22:44:54 UTC] PHP   1. {main}() /home/ubuntu/workspace/ACEPS/AdminPages/login.php:0
[05-Dec-2017 22:44:54 UTC] PHP   2. mysqli_fetch_array() /home/ubuntu/workspace/ACEPS/AdminPages/login.php:24
[05-Dec-2017 22:45:30 UTC] PHP Warning:  mysqli_real_escape_string() expects parameter 1 to be mysqli, null given in /home/ubuntu/workspace/ACEPS/AdminPages/login.php on line 16
[05-Dec-2017 22:45:30 UTC] PHP Stack trace:
[05-Dec-2017 22:45:30 UTC] PHP   1. {main}() /home/ubuntu/workspace/ACEPS/AdminPages/login.php:0
[05-Dec-2017 22:45:30 UTC] PHP   2. mysqli_real_escape_string() /home/ubuntu/workspace/ACEPS/AdminPages/login.php:16
[05-Dec-2017 22:45:30 UTC] PHP Warning:  mysqli_real_escape_string() expects parameter 1 to be mysqli, null given in /home/ubuntu/workspace/ACEPS/AdminPages/login.php on line 17
[05-Dec-2017 22:45:30 UTC] PHP Stack trace:
[05-Dec-2017 22:45:30 UTC] PHP   1. {main}() /home/ubuntu/workspace/ACEPS/AdminPages/login.php:0
[05-Dec-2017 22:45:30 UTC] PHP   2. mysqli_real_escape_string() /home/ubuntu/workspace/ACEPS/AdminPages/login.php:17
[05-Dec-2017 22:45:30 UTC] PHP Warning:  mysqli_query() expects parameter 1 to be mysqli, null given in /home/ubuntu/workspace/ACEPS/AdminPages/login.php on line 23
[05-Dec-2017 22:45:30 UTC] PHP Stack trace:
[05-Dec-2017 22:45:30 UTC] PHP   1. {main}() /home/ubuntu/workspace/ACEPS/AdminPages/login.php:0
[05-Dec-2017 22:45:30 UTC] PHP   2. mysqli_query() /home/ubuntu/workspace/ACEPS/AdminPages/login.php:23
[05-Dec-2017 22:45:30 UTC] PHP Warning:  mysqli_fetch_array() expects parameter 1 to be mysqli_result, null given in /home/ubuntu/workspace/ACEPS/AdminPages/login.php on line 24
[05-Dec-2017 22:45:30 UTC] PHP Stack trace:
[05-Dec-2017 22:45:30 UTC] PHP   1. {main}() /home/ubuntu/workspace/ACEPS/AdminPages/login.php:0
[05-Dec-2017 22:45:30 UTC] PHP   2. mysqli_fetch_array() /home/ubuntu/workspace/ACEPS/AdminPages/login.php:24
[05-Dec-2017 22:45:38 UTC] PHP Warning:  mysqli_real_escape_string() expects parameter 1 to be mysqli, null given in /home/ubuntu/workspace/ACEPS/AdminPages/login.php on line 16
[05-Dec-2017 22:45:38 UTC] PHP Stack trace:
[05-Dec-2017 22:45:38 UTC] PHP   1. {main}() /home/ubuntu/workspace/ACEPS/AdminPages/login.php:0
[05-Dec-2017 22:45:38 UTC] PHP   2. mysqli_real_escape_string() /home/ubuntu/workspace/ACEPS/AdminPages/login.php:16
[05-Dec-2017 22:45:38 UTC] PHP Warning:  mysqli_real_escape_string() expects parameter 1 to be mysqli, null given in /home/ubuntu/workspace/ACEPS/AdminPages/login.php on line 17
[05-Dec-2017 22:45:38 UTC] PHP Stack trace:
[05-Dec-2017 22:45:38 UTC] PHP   1. {main}() /home/ubuntu/workspace/ACEPS/AdminPages/login.php:0
[05-Dec-2017 22:45:38 UTC] PHP   2. mysqli_real_escape_string() /home/ubuntu/workspace/ACEPS/AdminPages/login.php:17
[05-Dec-2017 22:45:38 UTC] PHP Warning:  mysqli_query() expects parameter 1 to be mysqli, null given in /home/ubuntu/workspace/ACEPS/AdminPages/login.php on line 23
[05-Dec-2017 22:45:38 UTC] PHP Stack trace:
[05-Dec-2017 22:45:38 UTC] PHP   1. {main}() /home/ubuntu/workspace/ACEPS/AdminPages/login.php:0
[05-Dec-2017 22:45:38 UTC] PHP   2. mysqli_query() /home/ubuntu/workspace/ACEPS/AdminPages/login.php:23
[05-Dec-2017 22:45:38 UTC] PHP Warning:  mysqli_fetch_array() expects parameter 1 to be mysqli_result, null given in /home/ubuntu/workspace/ACEPS/AdminPages/login.php on line 24
[05-Dec-2017 22:45:38 UTC] PHP Stack trace:
[05-Dec-2017 22:45:38 UTC] PHP   1. {main}() /home/ubuntu/workspace/ACEPS/AdminPages/login.php:0
[05-Dec-2017 22:45:38 UTC] PHP   2. mysqli_fetch_array() /home/ubuntu/workspace/ACEPS/AdminPages/login.php:24
